\BOOKMARK [1][-]{section*.3}{\376\377\000S\000u\000m\000m\000a\000r\000y}{}% 1
\BOOKMARK [1][-]{section*.4}{\376\377\000I\000n\000t\000r\000o\000d\000u\000c\000t\000i\000o\000n}{}% 2
\BOOKMARK [2][-]{section*.5}{\376\377\000D\000y\000s\000f\000u\000n\000c\000t\000i\000o\000n\000a\000l\000\040\000b\000e\000l\000i\000e\000f\000s\000\040\000a\000n\000d\000\040\000a\000t\000t\000i\000t\000u\000d\000e\000s\000\040\000a\000b\000o\000u\000t\000\040\000s\000l\000e\000e\000p}{section*.4}% 3
\BOOKMARK [3][-]{section*.6}{\376\377\000C\000o\000n\000s\000t\000r\000u\000c\000t\000s\000\040\000a\000n\000d\000\040\000T\000h\000e\000i\000r\000\040\000R\000e\000l\000a\000t\000i\000o\000n\000s}{section*.5}% 4
\BOOKMARK [3][-]{section*.7}{\376\377\000M\000e\000a\000s\000u\000r\000e\000m\000e\000n\000t}{section*.5}% 5
\BOOKMARK [2][-]{section*.8}{\376\377\000A\000c\000c\000e\000p\000t\000a\000n\000c\000e\000\040\000o\000f\000\040\000s\000l\000e\000e\000p\000i\000n\000g\000\040\000p\000r\000o\000b\000l\000e\000m\000s}{section*.4}% 6
\BOOKMARK [3][-]{section*.9}{\376\377\000C\000o\000n\000s\000t\000r\000u\000c\000t\000s\000\040\000a\000n\000d\000\040\000T\000h\000e\000i\000r\000\040\000R\000e\000l\000a\000t\000i\000o\000n\000s}{section*.8}% 7
\BOOKMARK [3][-]{section*.10}{\376\377\000M\000e\000a\000s\000u\000r\000e\000m\000e\000n\000t}{section*.8}% 8
\BOOKMARK [2][-]{section*.11}{\376\377\000T\000h\000e\000\040\000c\000r\000o\000s\000s\000-\000c\000u\000l\000t\000u\000r\000a\000l\000\040\000a\000d\000a\000p\000t\000a\000t\000i\000o\000n\000\040\000p\000r\000o\000c\000e\000s\000s}{section*.4}% 9
\BOOKMARK [3][-]{section*.12}{\376\377\0001\000.\000\040\000I\000t\000e\000m\000s\000\040\000t\000r\000a\000n\000s\000l\000a\000t\000i\000o\000n}{section*.11}% 10
\BOOKMARK [3][-]{section*.13}{\376\377\0002\000.\000\040\000S\000y\000n\000t\000h\000e\000s\000i\000s\000\040\000o\000f\000\040\000t\000h\000e\000\040\000t\000r\000a\000n\000s\000l\000a\000t\000i\000o\000n\000s}{section*.11}% 11
\BOOKMARK [3][-]{section*.14}{\376\377\0003\000.\000\040\000B\000a\000c\000k\000t\000r\000a\000n\000s\000l\000a\000t\000i\000o\000n}{section*.11}% 12
\BOOKMARK [3][-]{section*.15}{\376\377\0004\000.\000\040\000E\000x\000p\000e\000r\000t\000\040\000c\000o\000m\000m\000i\000t\000t\000e\000e}{section*.11}% 13
\BOOKMARK [3][-]{section*.16}{\376\377\0005\000.\000\040\000P\000i\000l\000o\000t\000\040\000s\000t\000u\000d\000y}{section*.11}% 14
\BOOKMARK [1][-]{section*.17}{\376\377\000O\000b\000j\000e\000c\000t\000i\000v\000e\000s}{}% 15
\BOOKMARK [1][-]{section*.18}{\376\377\000M\000e\000t\000h\000o\000d}{}% 16
\BOOKMARK [2][-]{section*.19}{\376\377\000P\000a\000r\000t\000i\000c\000i\000p\000a\000n\000t\000s\000\040\000a\000n\000d\000\040\000S\000t\000u\000d\000y\000\040\000D\000e\000s\000i\000g\000n}{section*.18}% 17
\BOOKMARK [3][-]{section*.20}{\376\377\000I\000t\000e\000m\000\040\000t\000r\000a\000n\000s\000l\000a\000t\000i\000o\000n}{section*.19}% 18
\BOOKMARK [2][-]{section*.22}{\376\377\000A\000d\000i\000t\000i\000o\000n\000a\000l\000\040\000m\000e\000a\000s\000u\000r\000e\000s}{section*.18}% 19
\BOOKMARK [2][-]{section*.23}{\376\377\000A\000n\000a\000l\000y\000t\000i\000c\000a\000l\000\040\000P\000l\000a\000n}{section*.18}% 20
\BOOKMARK [3][-]{section*.24}{\376\377\000D\000e\000s\000c\000r\000i\000p\000t\000i\000v\000e\000\040\000s\000t\000a\000t\000i\000s\000t\000i\000c\000s}{section*.23}% 21
\BOOKMARK [3][-]{section*.25}{\376\377\000N\000o\000n\000-\000p\000a\000r\000a\000m\000e\000t\000r\000i\000c\000\040\000i\000t\000e\000m\000\040\000r\000e\000s\000p\000o\000n\000s\000e\000\040\000t\000h\000e\000o\000r\000y\000\040\000\050\000N\000I\000R\000T\000\051}{section*.23}% 22
\BOOKMARK [3][-]{section*.26}{\376\377\000S\000t\000r\000u\000c\000t\000u\000r\000a\000l\000\040\000V\000a\000l\000i\000d\000i\000t\000y\000\040\000E\000v\000i\000d\000e\000n\000c\000e}{section*.23}% 23
\BOOKMARK [3][-]{section*.27}{\376\377\000R\000e\000l\000i\000a\000b\000i\000l\000i\000t\000y\000\040\000E\000s\000t\000i\000m\000a\000t\000o\000r\000s}{section*.23}% 24
\BOOKMARK [3][-]{section*.28}{\376\377\000C\000o\000n\000v\000e\000r\000g\000e\000n\000t\000\040\000v\000a\000l\000i\000d\000i\000t\000y\000\040\000e\000v\000i\000d\000e\000n\000c\000e}{section*.23}% 25
\BOOKMARK [3][-]{section*.29}{\376\377\000N\000e\000t\000w\000o\000r\000k\000\040\000p\000s\000y\000c\000h\000o\000m\000e\000t\000r\000i\000c\000s}{section*.23}% 26
\BOOKMARK [1][-]{section*.30}{\376\377\000P\000a\000r\000t\000i\000a\000l\000\040\000r\000e\000s\000u\000l\000t\000s}{}% 27
\BOOKMARK [2][-]{section*.31}{\376\377\000C\000r\000o\000s\000s\000-\000c\000u\000l\000t\000u\000r\000a\000l\000\040\000a\000d\000a\000p\000t\000a\000t\000i\000o\000n}{section*.30}% 28
\BOOKMARK [2][-]{section*.32}{\376\377\000S\000a\000m\000p\000l\000e\000\040\000d\000e\000s\000c\000r\000i\000p\000t\000i\000o\000n}{section*.30}% 29
\BOOKMARK [1][-]{section*.34}{\376\377\000N\000e\000x\000t\000\040\000s\000t\000e\000p\000s}{}% 30
\BOOKMARK [1][-]{section*.37}{\376\377\000R\000e\000f\000e\000r\000e\000n\000c\000e\000s}{}% 31
\BOOKMARK [1][-]{appendix.1}{\376\377\000A\000p\000p\000e\000n\000d\000i\000x\000\040\000A\000:\000\040\000C\000r\000e\000n\000\347\000a\000s\000\040\000e\000\040\000A\000t\000i\000t\000u\000d\000e\000s\000\040\000D\000i\000s\000f\000u\000n\000c\000i\000o\000n\000a\000i\000s\000\040\000s\000o\000b\000r\000e\000\040\000o\000\040\000S\000o\000n\000o\000\040\000\050\000C\000A\000D\000S\000-\0001\0006\000\051}{}% 32
\BOOKMARK [1][-]{appendix.2}{\376\377\000A\000p\000p\000e\000n\000d\000i\000x\000\040\000B\000:\000\040\000Q\000u\000e\000s\000t\000i\000o\000n\000\341\000r\000i\000o\000\040\000d\000e\000\040\000A\000c\000e\000i\000t\000a\000\347\000\343\000o\000\040\000d\000o\000s\000\040\000P\000r\000o\000b\000l\000e\000m\000a\000s\000\040\000n\000o\000\040\000S\000o\000n\000o\000\040\000\050\000Q\000A\000P\000S\000\051}{}% 33
\BOOKMARK [1][-]{appendix.3}{\376\377\000A\000p\000p\000e\000n\000d\000i\000x\000\040\000C\000:\000\040\000R\000e\000c\000o\000n\000c\000i\000l\000i\000a\000t\000i\000o\000n\000:\000\040\000d\000e\000c\000i\000s\000i\000o\000n\000s\000\040\000a\000n\000d\000\040\000d\000o\000c\000u\000m\000e\000n\000t\000a\000t\000i\000o\000n\000\040\000f\000o\000r\000m}{}% 34
\BOOKMARK [2][-]{section*.40}{\376\377\000P\000a\000r\000t\000e\000\040\000I\000:\000\040\000d\000e\000c\000i\000s\000\365\000e\000s}{appendix.3}% 35
\BOOKMARK [2][-]{section*.41}{\376\377\000O\000p\000\347\000\365\000e\000s\000\040\000d\000e\000\040\000d\000e\000c\000i\000s\000\365\000e\000s\000\040\000p\000a\000r\000a\000\040\000a\000\040\000t\000r\000a\000d\000u\000\347\000\343\000o\000\040\000r\000e\000c\000o\000n\000c\000i\000l\000i\000a\000d\000a}{appendix.3}% 36
\BOOKMARK [2][-]{section*.42}{\376\377\000C\000r\000i\000t\000\351\000r\000i\000o\000s\000\040\000d\000e\000\040\000d\000e\000c\000i\000s\000\343\000o\000\040\000p\000a\000r\000a\000\040\000e\000s\000c\000o\000l\000h\000e\000r\000\040\000q\000u\000a\000l\000q\000u\000e\000r\000\040\000u\000m\000a\000\040\000d\000a\000s\000\040\000o\000p\000\347\000\365\000e\000s\000\040\000a\000c\000i\000m\000a}{appendix.3}% 37
\BOOKMARK [2][-]{section*.43}{\376\377\000P\000a\000r\000t\000e\000\040\000I\000I\000:\000\040\000D\000o\000c\000u\000m\000e\000n\000t\000a\000\347\000\343\000o\000\040\000d\000o\000\040\000p\000r\000o\000c\000e\000s\000s\000o\000\040\000d\000e\000\040\000r\000e\000c\000o\000n\000c\000i\000l\000i\000a\000\347\000\343\000o}{appendix.3}% 38
